系统检查:
产品: Windows(R) Operating System, VOLUME_MAK channel
版本构建号: 15063.0
平台: x64
部份KEY: D9MPF
版本: Enterprise
状态 Notification

开始激活于 27 4月 2019 13:38:19...

正在安装KEY: XGVPP-NMH47-7TTHJ-W3FW7-8HV2C...
成功地安装了产品密钥 XGVPP-NMH47-7TTHJ-W3FW7-8HV2C。

为 数字激活 生成门票...

应用门票 GenuineTicket.xml...

Done.
Converted license Microsoft.Windows.4.X19-99683_8wekyb3d8bbwe and stored at (null).
Successfully converted 1 licenses from genuine authorization tickets on disk.
Done.

门票应用成功。

WindowsUpdate 已启用: MANUAL Functional

ClipSVC 已启用: MANUAL Functional [Start: 0]

wlidsvc 已启用: MANUAL Functional [Start: 0]

sppsvc 已启用: AUTO Functional [Start: 0]

正在激活...
正在激活 Windows(R), Enterprise edition (8b351c9c-f398-4515-9900-09df49427262) ...
成功地激活了产品。

激活 Enterprise 成功!


